
*** Running vivado
    with args -log Mult.vds -m64 -product Vivado -mode batch -messageDb vivado.pb -notrace -source Mult.tcl


****** Vivado v2016.4 (64-bit)
  **** SW Build 1733598 on Wed Dec 14 22:35:39 MST 2016
  **** IP Build 1731160 on Wed Dec 14 23:47:21 MST 2016
    ** Copyright 1986-2016 Xilinx, Inc. All Rights Reserved.

source Mult.tcl -notrace
Starting Synthesize : Time (s): cpu = 00:00:09 ; elapsed = 00:00:11 . Memory (MB): peak = 306.305 ; gain = 96.586
INFO: [Synth 8-638] synthesizing module 'Mult' [e:/Workspace/Vivado_16.4/2017_10_30_PWM/Design/IP_Core/MULT/Mult/synth/Mult.vhd:67]
INFO: [Synth 8-256] done synthesizing module 'Mult' (5#1) [e:/Workspace/Vivado_16.4/2017_10_30_PWM/Design/IP_Core/MULT/Mult/synth/Mult.vhd:67]
Finished Synthesize : Time (s): cpu = 00:00:12 ; elapsed = 00:00:14 . Memory (MB): peak = 352.453 ; gain = 142.734
Finished Constraint Validation : Time (s): cpu = 00:00:12 ; elapsed = 00:00:14 . Memory (MB): peak = 352.453 ; gain = 142.734
Finished Loading Part and Timing Information : Time (s): cpu = 00:00:12 ; elapsed = 00:00:14 . Memory (MB): peak = 352.453 ; gain = 142.734
INFO: [Device 21-403] Loading part xc7a35tcpg236-1
Finished RTL Optimization Phase 2 : Time (s): cpu = 00:00:13 ; elapsed = 00:00:14 . Memory (MB): peak = 367.637 ; gain = 157.918
Finished Cross Boundary and Area Optimization : Time (s): cpu = 00:00:16 ; elapsed = 00:00:18 . Memory (MB): peak = 471.699 ; gain = 261.980
Finished Timing Optimization : Time (s): cpu = 00:00:17 ; elapsed = 00:00:18 . Memory (MB): peak = 471.699 ; gain = 261.980
Finished Technology Mapping : Time (s): cpu = 00:00:17 ; elapsed = 00:00:18 . Memory (MB): peak = 472.824 ; gain = 263.105
Finished IO Insertion : Time (s): cpu = 00:00:17 ; elapsed = 00:00:19 . Memory (MB): peak = 472.824 ; gain = 263.105
Finished Renaming Generated Instances : Time (s): cpu = 00:00:17 ; elapsed = 00:00:19 . Memory (MB): peak = 472.824 ; gain = 263.105
Finished Rebuilding User Hierarchy : Time (s): cpu = 00:00:17 ; elapsed = 00:00:19 . Memory (MB): peak = 472.824 ; gain = 263.105
Finished Renaming Generated Ports : Time (s): cpu = 00:00:17 ; elapsed = 00:00:19 . Memory (MB): peak = 472.824 ; gain = 263.105
Finished Handling Custom Attributes : Time (s): cpu = 00:00:18 ; elapsed = 00:00:19 . Memory (MB): peak = 472.824 ; gain = 263.105
Finished Renaming Generated Nets : Time (s): cpu = 00:00:18 ; elapsed = 00:00:19 . Memory (MB): peak = 472.824 ; gain = 263.105

Report Cell Usage: 
+------+---------+------+
|      |Cell     |Count |
+------+---------+------+
|1     |CARRY4   |    16|
|2     |LUT1     |     9|
|3     |LUT2     |    44|
|4     |LUT3     |    10|
|5     |LUT4     |    40|
|6     |MULT_AND |    48|
|7     |MUXCY    |    48|
|8     |XORCY    |    52|
+------+---------+------+
Finished Writing Synthesis Report : Time (s): cpu = 00:00:18 ; elapsed = 00:00:19 . Memory (MB): peak = 472.824 ; gain = 263.105
synth_design: Time (s): cpu = 00:00:18 ; elapsed = 00:00:19 . Memory (MB): peak = 549.996 ; gain = 319.180
write_checkpoint: Time (s): cpu = 00:00:15 ; elapsed = 00:00:16 . Memory (MB): peak = 1001.051 ; gain = 451.055
